Determining if the pthread_create exist failed with the following output:
Change Dir: /home/ls-lqm/Desktop/ms_ch32/src/lslidar_ch/lslidar_ch_decoder/cmake-build-debug/CMakeFiles/CMakeTmp

Run Build Command(s):/usr/bin/make cmTC_68072/fast 
/usr/bin/make -f CMakeFiles/cmTC_68072.dir/build.make CMakeFiles/cmTC_68072.dir/build
make[1]: Entering directory '/home/ls-lqm/Desktop/ms_ch32/src/lslidar_ch/lslidar_ch_decoder/cmake-build-debug/CMakeFiles/CMakeTmp'
Building C object CMakeFiles/cmTC_68072.dir/CheckSymbolExists.c.o
/usr/bin/cc    -o CMakeFiles/cmTC_68072.dir/CheckSymbolExists.c.o   -c /home/ls-lqm/Desktop/ms_ch32/src/lslidar_ch/lslidar_ch_decoder/cmake-build-debug/CMakeFiles/CMakeTmp/CheckSymbolExists.c
Linking C executable cmTC_68072
/opt/clion-2019.1.4/bin/cmake/linux/bin/cmake -E cmake_link_script CMakeFiles/cmTC_68072.dir/link.txt --verbose=1
/usr/bin/cc      -rdynamic CMakeFiles/cmTC_68072.dir/CheckSymbolExists.c.o  -o cmTC_68072 
CMakeFiles/cmTC_68072.dir/CheckSymbolExists.c.o：在函数‘main’中：
CheckSymbolExists.c:(.text+0x16)：对‘pthread_create’未定义的引用
collect2: error: ld returned 1 exit status
CMakeFiles/cmTC_68072.dir/build.make:86: recipe for target 'cmTC_68072' failed
make[1]: *** [cmTC_68072] Error 1
make[1]: Leaving directory '/home/ls-lqm/Desktop/ms_ch32/src/lslidar_ch/lslidar_ch_decoder/cmake-build-debug/CMakeFiles/CMakeTmp'
Makefile:121: recipe for target 'cmTC_68072/fast' failed
make: *** [cmTC_68072/fast] Error 2

File /home/ls-lqm/Desktop/ms_ch32/src/lslidar_ch/lslidar_ch_decoder/cmake-build-debug/CMakeFiles/CMakeTmp/CheckSymbolExists.c:
/* */
#include <pthread.h>

int main(int argc, char** argv)
{
  (void)argv;
#ifndef pthread_create
  return ((int*)(&pthread_create))[argc];
#else
  (void)argc;
  return 0;
#endif
}

Determining if the function pthread_create exists in the pthreads failed with the following output:
Change Dir: /home/ls-lqm/Desktop/ms_ch32/src/lslidar_ch/lslidar_ch_decoder/cmake-build-debug/CMakeFiles/CMakeTmp

Run Build Command(s):/usr/bin/make cmTC_f5b83/fast 
/usr/bin/make -f CMakeFiles/cmTC_f5b83.dir/build.make CMakeFiles/cmTC_f5b83.dir/build
make[1]: Entering directory '/home/ls-lqm/Desktop/ms_ch32/src/lslidar_ch/lslidar_ch_decoder/cmake-build-debug/CMakeFiles/CMakeTmp'
Building C object CMakeFiles/cmTC_f5b83.dir/CheckFunctionExists.c.o
/usr/bin/cc   -DCHECK_FUNCTION_EXISTS=pthread_create   -o CMakeFiles/cmTC_f5b83.dir/CheckFunctionExists.c.o   -c /opt/clion-2019.1.4/bin/cmake/linux/share/cmake-3.14/Modules/CheckFunctionExists.c
Linking C executable cmTC_f5b83
/opt/clion-2019.1.4/bin/cmake/linux/bin/cmake -E cmake_link_script CMakeFiles/cmTC_f5b83.dir/link.txt --verbose=1
/usr/bin/cc  -DCHECK_FUNCTION_EXISTS=pthread_create    -rdynamic CMakeFiles/cmTC_f5b83.dir/CheckFunctionExists.c.o  -o cmTC_f5b83 -lpthreads 
/usr/bin/ld: 找不到 -lpthreads
collect2: error: ld returned 1 exit status
CMakeFiles/cmTC_f5b83.dir/build.make:86: recipe for target 'cmTC_f5b83' failed
make[1]: *** [cmTC_f5b83] Error 1
make[1]: Leaving directory '/home/ls-lqm/Desktop/ms_ch32/src/lslidar_ch/lslidar_ch_decoder/cmake-build-debug/CMakeFiles/CMakeTmp'
Makefile:121: recipe for target 'cmTC_f5b83/fast' failed
make: *** [cmTC_f5b83/fast] Error 2


