Determining if the pthread_create exist failed with the following output:
Change Dir: /home/ls-lqm/Desktop/c161019/src/lslidar_c16/lslidar_c16_msgs/cmake-build-debug/CMakeFiles/CMakeTmp

Run Build Command(s):/usr/bin/make cmTC_5583d/fast 
/usr/bin/make -f CMakeFiles/cmTC_5583d.dir/build.make CMakeFiles/cmTC_5583d.dir/build
make[1]: Entering directory '/home/ls-lqm/Desktop/c161019/src/lslidar_c16/lslidar_c16_msgs/cmake-build-debug/CMakeFiles/CMakeTmp'
Building C object CMakeFiles/cmTC_5583d.dir/CheckSymbolExists.c.o
/usr/bin/cc    -o CMakeFiles/cmTC_5583d.dir/CheckSymbolExists.c.o   -c /home/ls-lqm/Desktop/c161019/src/lslidar_c16/lslidar_c16_msgs/cmake-build-debug/CMakeFiles/CMakeTmp/CheckSymbolExists.c
Linking C executable cmTC_5583d
/opt/clion-2019.1.4/bin/cmake/linux/bin/cmake -E cmake_link_script CMakeFiles/cmTC_5583d.dir/link.txt --verbose=1
/usr/bin/cc      -rdynamic CMakeFiles/cmTC_5583d.dir/CheckSymbolExists.c.o  -o cmTC_5583d 
CMakeFiles/cmTC_5583d.dir/CheckSymbolExists.c.o：在函数‘main’中：
CheckSymbolExists.c:(.text+0x16)：对‘pthread_create’未定义的引用
collect2: error: ld returned 1 exit status
CMakeFiles/cmTC_5583d.dir/build.make:86: recipe for target 'cmTC_5583d' failed
make[1]: *** [cmTC_5583d] Error 1
make[1]: Leaving directory '/home/ls-lqm/Desktop/c161019/src/lslidar_c16/lslidar_c16_msgs/cmake-build-debug/CMakeFiles/CMakeTmp'
Makefile:121: recipe for target 'cmTC_5583d/fast' failed
make: *** [cmTC_5583d/fast] Error 2

File /home/ls-lqm/Desktop/c161019/src/lslidar_c16/lslidar_c16_msgs/cmake-build-debug/CMakeFiles/CMakeTmp/CheckSymbolExists.c:
/* */
#include <pthread.h>

int main(int argc, char** argv)
{
  (void)argv;
#ifndef pthread_create
  return ((int*)(&pthread_create))[argc];
#else
  (void)argc;
  return 0;
#endif
}

Determining if the function pthread_create exists in the pthreads failed with the following output:
Change Dir: /home/ls-lqm/Desktop/c161019/src/lslidar_c16/lslidar_c16_msgs/cmake-build-debug/CMakeFiles/CMakeTmp

Run Build Command(s):/usr/bin/make cmTC_4525a/fast 
/usr/bin/make -f CMakeFiles/cmTC_4525a.dir/build.make CMakeFiles/cmTC_4525a.dir/build
make[1]: Entering directory '/home/ls-lqm/Desktop/c161019/src/lslidar_c16/lslidar_c16_msgs/cmake-build-debug/CMakeFiles/CMakeTmp'
Building C object CMakeFiles/cmTC_4525a.dir/CheckFunctionExists.c.o
/usr/bin/cc   -DCHECK_FUNCTION_EXISTS=pthread_create   -o CMakeFiles/cmTC_4525a.dir/CheckFunctionExists.c.o   -c /opt/clion-2019.1.4/bin/cmake/linux/share/cmake-3.14/Modules/CheckFunctionExists.c
Linking C executable cmTC_4525a
/opt/clion-2019.1.4/bin/cmake/linux/bin/cmake -E cmake_link_script CMakeFiles/cmTC_4525a.dir/link.txt --verbose=1
/usr/bin/cc  -DCHECK_FUNCTION_EXISTS=pthread_create    -rdynamic CMakeFiles/cmTC_4525a.dir/CheckFunctionExists.c.o  -o cmTC_4525a -lpthreads 
/usr/bin/ld: 找不到 -lpthreads
collect2: error: ld returned 1 exit status
CMakeFiles/cmTC_4525a.dir/build.make:86: recipe for target 'cmTC_4525a' failed
make[1]: *** [cmTC_4525a] Error 1
make[1]: Leaving directory '/home/ls-lqm/Desktop/c161019/src/lslidar_c16/lslidar_c16_msgs/cmake-build-debug/CMakeFiles/CMakeTmp'
Makefile:121: recipe for target 'cmTC_4525a/fast' failed
make: *** [cmTC_4525a/fast] Error 2


